{"length":104,"name":"error","severity":"FATAL","code":"57P03","file":"postmaster.c","line":"2317","routine":"ProcessStartupPacket","level":"\u001b[31m\u001b[31merror\u001b[31m\u001b[39m"}
{"message":"   column \"title\" of relation \"board\" contains null values","length":140,"name":"QueryFailedError","severity":"ERROR","code":"23502","schema":"public","table":"board","column":"title","file":"tablecmds.c","line":"5447","routine":"ATRewriteTable","query":"ALTER TABLE \"board\" ADD \"title\" character varying(100) NOT NULL","parameters":[],"level":"\u001b[31m\u001b[31merror\u001b[31m\u001b[39m"}
{"message":"   unhandledRejection: Cannot read property 'connect' of undefined","level":"\u001b[31m\u001b[31merror\u001b[31m\u001b[39m"}
{"message":"   unhandledRejection: Cannot read property 'connect' of undefined","level":"\u001b[31m\u001b[31merror\u001b[31m\u001b[39m"}
{"message":"   unhandledRejection: Cannot read property 'connect' of undefined","level":"\u001b[31m\u001b[31merror\u001b[31m\u001b[39m"}
{"message":"   unhandledRejection: Cannot read property 'connect' of undefined","level":"\u001b[31m\u001b[31merror\u001b[31m\u001b[39m"}
{"message":"   unhandledRejection: Cannot read property 'connect' of undefined","level":"\u001b[31m\u001b[31merror\u001b[31m\u001b[39m"}
{"message":"   unhandledRejection: Cannot read property 'connect' of undefined","level":"\u001b[31m\u001b[31merror\u001b[31m\u001b[39m"}
{"message":"   unhandledRejection: Cannot read property 'connect' of undefined","level":"\u001b[31m\u001b[31merror\u001b[31m\u001b[39m"}
{"message":"   unhandledRejection: Cannot read property 'connect' of undefined","level":"\u001b[31m\u001b[31merror\u001b[31m\u001b[39m"}
{"message":"   unhandledRejection: Cannot read property 'connect' of undefined","level":"\u001b[31m\u001b[31merror\u001b[31m\u001b[39m"}
{"message":"   unhandledRejection: Cannot read property 'connect' of undefined","level":"\u001b[31m\u001b[31merror\u001b[31m\u001b[39m"}
{"message":"   unhandledRejection: Cannot read property 'connect' of undefined","level":"\u001b[31m\u001b[31merror\u001b[31m\u001b[39m"}
{"message":"   unhandledRejection: Cannot read property 'connect' of undefined","level":"\u001b[31m\u001b[31merror\u001b[31m\u001b[39m"}
{"message":"   unhandledRejection: Cannot read property 'connect' of undefined","level":"\u001b[31m\u001b[31merror\u001b[31m\u001b[39m"}
{"message":"   unhandledRejection: Cannot read property 'connect' of undefined","level":"\u001b[31m\u001b[31merror\u001b[31m\u001b[39m"}
{"errno":-3008,"code":"ENOTFOUND","syscall":"getaddrinfo","hostname":"postgres","level":"\u001b[31m\u001b[31merror\u001b[31m\u001b[39m"}
{"message":"   unhandledRejection: No repository for \"UserEntity\" was found. Looks like this entity is not registered in current \"default\" connection?","level":"\u001b[31m\u001b[31merror\u001b[31m\u001b[39m"}
{"message":"   unhandledRejection: No repository for \"UserEntity\" was found. Looks like this entity is not registered in current \"default\" connection?","level":"\u001b[31m\u001b[31merror\u001b[31m\u001b[39m"}
{"message":"   unhandledRejection: No repository for \"UserEntity\" was found. Looks like this entity is not registered in current \"default\" connection?","level":"\u001b[31m\u001b[31merror\u001b[31m\u001b[39m"}
{"message":"   column \"title\" of relation \"board\" contains null values","length":140,"name":"QueryFailedError","severity":"ERROR","code":"23502","schema":"public","table":"board","column":"title","file":"tablecmds.c","line":"5447","routine":"ATRewriteTable","query":"ALTER TABLE \"board\" ADD \"title\" character varying(100) NOT NULL","parameters":[],"level":"\u001b[31m\u001b[31merror\u001b[31m\u001b[39m"}
{"message":"   unhandledRejection: Cannot read property 'connect' of undefined","level":"\u001b[31m\u001b[31merror\u001b[31m\u001b[39m"}
{"message":"   unhandledRejection: Cannot read property 'connect' of undefined","level":"\u001b[31m\u001b[31merror\u001b[31m\u001b[39m"}
{"message":"   unhandledRejection: Cannot read property 'connect' of undefined","level":"\u001b[31m\u001b[31merror\u001b[31m\u001b[39m"}
{"message":"   unhandledRejection: Cannot read property 'connect' of undefined","level":"\u001b[31m\u001b[31merror\u001b[31m\u001b[39m"}
{"message":"   unhandledRejection: Cannot read property 'connect' of undefined","level":"\u001b[31m\u001b[31merror\u001b[31m\u001b[39m"}
{"message":"   unhandledRejection: Cannot read property 'connect' of undefined","level":"\u001b[31m\u001b[31merror\u001b[31m\u001b[39m"}
{"message":"   unhandledRejection: Cannot read property 'connect' of undefined","level":"\u001b[31m\u001b[31merror\u001b[31m\u001b[39m"}
{"message":"   unhandledRejection: Cannot read property 'connect' of undefined","level":"\u001b[31m\u001b[31merror\u001b[31m\u001b[39m"}
{"message":"   unhandledRejection: Cannot read property 'connect' of undefined","level":"\u001b[31m\u001b[31merror\u001b[31m\u001b[39m"}
{"message":"   unhandledRejection: Cannot read property 'connect' of undefined","level":"\u001b[31m\u001b[31merror\u001b[31m\u001b[39m"}
{"message":"   unhandledRejection: Cannot read property 'connect' of undefined","level":"\u001b[31m\u001b[31merror\u001b[31m\u001b[39m"}
{"message":"   unhandledRejection: Cannot read property 'connect' of undefined","level":"\u001b[31m\u001b[31merror\u001b[31m\u001b[39m"}
{"message":"   unhandledRejection: Cannot read property 'connect' of undefined","level":"\u001b[31m\u001b[31merror\u001b[31m\u001b[39m"}
{"message":"   unhandledRejection: Cannot read property 'connect' of undefined","level":"\u001b[31m\u001b[31merror\u001b[31m\u001b[39m"}
{"message":"   unhandledRejection: Cannot read property 'connect' of undefined","level":"\u001b[31m\u001b[31merror\u001b[31m\u001b[39m"}
{"message":"   unhandledRejection: Cannot read property 'connect' of undefined","level":"\u001b[31m\u001b[31merror\u001b[31m\u001b[39m"}
{"message":"   unhandledRejection: Cannot read property 'connect' of undefined","level":"\u001b[31m\u001b[31merror\u001b[31m\u001b[39m"}
{"message":"   unhandledRejection: Cannot read property 'connect' of undefined","level":"\u001b[31m\u001b[31merror\u001b[31m\u001b[39m"}
{"message":"   unhandledRejection: Cannot read property 'connect' of undefined","level":"\u001b[31m\u001b[31merror\u001b[31m\u001b[39m"}
{"message":"   unhandledRejection: Cannot read property 'connect' of undefined","level":"\u001b[31m\u001b[31merror\u001b[31m\u001b[39m"}
{"message":"   unhandledRejection: Cannot read property 'connect' of undefined","level":"\u001b[31m\u001b[31merror\u001b[31m\u001b[39m"}
{"message":"   unhandledRejection: Cannot read property 'connect' of undefined","level":"\u001b[31m\u001b[31merror\u001b[31m\u001b[39m"}
{"message":"   unhandledRejection: Cannot read property 'connect' of undefined","level":"\u001b[31m\u001b[31merror\u001b[31m\u001b[39m"}
{"message":"   unhandledRejection: Cannot read property 'connect' of undefined","level":"\u001b[31m\u001b[31merror\u001b[31m\u001b[39m"}
{"message":"   unhandledRejection: Cannot read property 'connect' of undefined","level":"\u001b[31m\u001b[31merror\u001b[31m\u001b[39m"}
{"message":"   unhandledRejection: Cannot read property 'connect' of undefined","level":"\u001b[31m\u001b[31merror\u001b[31m\u001b[39m"}
{"message":"   unhandledRejection: Cannot read property 'connect' of undefined","level":"\u001b[31m\u001b[31merror\u001b[31m\u001b[39m"}
{"message":"   unhandledRejection: Cannot read property 'connect' of undefined","level":"\u001b[31m\u001b[31merror\u001b[31m\u001b[39m"}
{"message":"   unhandledRejection: Cannot read property 'connect' of undefined","level":"\u001b[31m\u001b[31merror\u001b[31m\u001b[39m"}
{"message":"   unhandledRejection: Cannot read property 'connect' of undefined","level":"\u001b[31m\u001b[31merror\u001b[31m\u001b[39m"}
{"message":"   unhandledRejection: Cannot read property 'connect' of undefined","level":"\u001b[31m\u001b[31merror\u001b[31m\u001b[39m"}
{"message":"   unhandledRejection: Cannot read property 'connect' of undefined","level":"\u001b[31m\u001b[31merror\u001b[31m\u001b[39m"}
{"message":"   unhandledRejection: Cannot read property 'connect' of undefined","level":"\u001b[31m\u001b[31merror\u001b[31m\u001b[39m"}
{"message":"   unhandledRejection: Cannot read property 'connect' of undefined","level":"\u001b[31m\u001b[31merror\u001b[31m\u001b[39m"}
{"message":"   unhandledRejection: Cannot read property 'connect' of undefined","level":"\u001b[31m\u001b[31merror\u001b[31m\u001b[39m"}
{"message":"   unhandledRejection: Cannot read property 'connect' of undefined","level":"\u001b[31m\u001b[31merror\u001b[31m\u001b[39m"}
{"message":"   unhandledRejection: Cannot read property 'connect' of undefined","level":"\u001b[31m\u001b[31merror\u001b[31m\u001b[39m"}
{"message":"   unhandledRejection: Cannot read property 'connect' of undefined","level":"\u001b[31m\u001b[31merror\u001b[31m\u001b[39m"}
{"message":"   unhandledRejection: Cannot read property 'connect' of undefined","level":"\u001b[31m\u001b[31merror\u001b[31m\u001b[39m"}
{"message":"   unhandledRejection: Cannot read property 'connect' of undefined","level":"\u001b[31m\u001b[31merror\u001b[31m\u001b[39m"}
{"message":"   unhandledRejection: Cannot read property 'connect' of undefined","level":"\u001b[31m\u001b[31merror\u001b[31m\u001b[39m"}
{"message":"   unhandledRejection: Cannot read property 'connect' of undefined","level":"\u001b[31m\u001b[31merror\u001b[31m\u001b[39m"}
{"message":"   unhandledRejection: Cannot read property 'connect' of undefined","level":"\u001b[31m\u001b[31merror\u001b[31m\u001b[39m"}
{"message":"   unhandledRejection: Cannot read property 'connect' of undefined","level":"\u001b[31m\u001b[31merror\u001b[31m\u001b[39m"}
{"message":"   unhandledRejection: Cannot read property 'connect' of undefined","level":"\u001b[31m\u001b[31merror\u001b[31m\u001b[39m"}
{"message":"   unhandledRejection: Cannot read property 'connect' of undefined","level":"\u001b[31m\u001b[31merror\u001b[31m\u001b[39m"}
{"message":"   unhandledRejection: Cannot read property 'connect' of undefined","level":"\u001b[31m\u001b[31merror\u001b[31m\u001b[39m"}
{"message":"   unhandledRejection: Cannot read property 'connect' of undefined","level":"\u001b[31m\u001b[31merror\u001b[31m\u001b[39m"}
{"message":"   unhandledRejection: Cannot read property 'connect' of undefined","level":"\u001b[31m\u001b[31merror\u001b[31m\u001b[39m"}
{"message":"   unhandledRejection: Cannot read property 'connect' of undefined","level":"\u001b[31m\u001b[31merror\u001b[31m\u001b[39m"}
{"message":"   unhandledRejection: Cannot read property 'connect' of undefined","level":"\u001b[31m\u001b[31merror\u001b[31m\u001b[39m"}
{"message":"   unhandledRejection: Cannot read property 'connect' of undefined","level":"\u001b[31m\u001b[31merror\u001b[31m\u001b[39m"}
{"message":"   unhandledRejection: Cannot read property 'connect' of undefined","level":"\u001b[31m\u001b[31merror\u001b[31m\u001b[39m"}
{"message":"   unhandledRejection: Cannot read property 'connect' of undefined","level":"\u001b[31m\u001b[31merror\u001b[31m\u001b[39m"}
{"message":"   unhandledRejection: Cannot read property 'connect' of undefined","level":"\u001b[31m\u001b[31merror\u001b[31m\u001b[39m"}
{"message":"   unhandledRejection: Cannot read property 'connect' of undefined","level":"\u001b[31m\u001b[31merror\u001b[31m\u001b[39m"}
{"message":"   unhandledRejection: Cannot read property 'connect' of undefined","level":"\u001b[31m\u001b[31merror\u001b[31m\u001b[39m"}
{"message":"   unhandledRejection: Cannot read property 'connect' of undefined","level":"\u001b[31m\u001b[31merror\u001b[31m\u001b[39m"}
{"message":"   unhandledRejection: Cannot read property 'connect' of undefined","level":"\u001b[31m\u001b[31merror\u001b[31m\u001b[39m"}
{"message":"   unhandledRejection: Cannot read property 'connect' of undefined","level":"\u001b[31m\u001b[31merror\u001b[31m\u001b[39m"}
{"message":"   unhandledRejection: Cannot read property 'connect' of undefined","level":"\u001b[31m\u001b[31merror\u001b[31m\u001b[39m"}
{"message":"   unhandledRejection: Cannot read property 'connect' of undefined","level":"\u001b[31m\u001b[31merror\u001b[31m\u001b[39m"}
{"message":"   unhandledRejection: Cannot read property 'connect' of undefined","level":"\u001b[31m\u001b[31merror\u001b[31m\u001b[39m"}
{"message":"   unhandledRejection: Cannot read property 'connect' of undefined","level":"\u001b[31m\u001b[31merror\u001b[31m\u001b[39m"}
{"message":"   unhandledRejection: Cannot read property 'connect' of undefined","level":"\u001b[31m\u001b[31merror\u001b[31m\u001b[39m"}
{"message":"   unhandledRejection: Cannot read property 'connect' of undefined","level":"\u001b[31m\u001b[31merror\u001b[31m\u001b[39m"}
{"message":"   unhandledRejection: Cannot read property 'connect' of undefined","level":"\u001b[31m\u001b[31merror\u001b[31m\u001b[39m"}
{"message":"   unhandledRejection: Cannot read property 'connect' of undefined","level":"\u001b[31m\u001b[31merror\u001b[31m\u001b[39m"}
{"message":"   unhandledRejection: Cannot read property 'connect' of undefined","level":"\u001b[31m\u001b[31merror\u001b[31m\u001b[39m"}
{"message":"   unhandledRejection: Cannot read property 'connect' of undefined","level":"\u001b[31m\u001b[31merror\u001b[31m\u001b[39m"}
{"message":"   unhandledRejection: Cannot read property 'connect' of undefined","level":"\u001b[31m\u001b[31merror\u001b[31m\u001b[39m"}
{"length":104,"name":"error","severity":"FATAL","code":"57P03","file":"postmaster.c","line":"2317","routine":"ProcessStartupPacket","level":"\u001b[31m\u001b[31merror\u001b[31m\u001b[39m"}
{"message":"   column \"title\" of relation \"board\" contains null values","length":140,"name":"QueryFailedError","severity":"ERROR","code":"23502","schema":"public","table":"board","column":"title","file":"tablecmds.c","line":"5447","routine":"ATRewriteTable","query":"ALTER TABLE \"board\" ADD \"title\" character varying(100) NOT NULL","parameters":[],"level":"\u001b[31m\u001b[31merror\u001b[31m\u001b[39m"}
{"message":"   column \"title\" of relation \"board\" contains null values","length":140,"name":"QueryFailedError","severity":"ERROR","code":"23502","schema":"public","table":"board","column":"title","file":"tablecmds.c","line":"5447","routine":"ATRewriteTable","query":"ALTER TABLE \"board\" ADD \"title\" character varying(100) NOT NULL","parameters":[],"level":"\u001b[31m\u001b[31merror\u001b[31m\u001b[39m"}
{"message":"   column \"title\" of relation \"board\" contains null values","length":140,"name":"QueryFailedError","severity":"ERROR","code":"23502","schema":"public","table":"board","column":"title","file":"tablecmds.c","line":"5447","routine":"ATRewriteTable","query":"ALTER TABLE \"board\" ADD \"title\" character varying(100) NOT NULL","parameters":[],"level":"\u001b[31m\u001b[31merror\u001b[31m\u001b[39m"}
{"length":104,"name":"error","severity":"FATAL","code":"57P03","file":"postmaster.c","line":"2317","routine":"ProcessStartupPacket","level":"\u001b[31m\u001b[31merror\u001b[31m\u001b[39m"}
{"message":"   unhandledRejection: Cannot set headers after they are sent to the client","level":"\u001b[31m\u001b[31merror\u001b[31m\u001b[39m"}
{"message":"   unhandledRejection: Cannot set headers after they are sent to the client","level":"\u001b[31m\u001b[31merror\u001b[31m\u001b[39m"}
{"message":"   unhandledRejection: Cannot set headers after they are sent to the client","level":"\u001b[31m\u001b[31merror\u001b[31m\u001b[39m"}
{"message":"   unhandledRejection: invalid input syntax for type uuid: \"undefined\"","level":"\u001b[31m\u001b[31merror\u001b[31m\u001b[39m"}
{"message":"   unhandledRejection: Cannot set headers after they are sent to the client","level":"\u001b[31m\u001b[31merror\u001b[31m\u001b[39m"}
{"message":"   unhandledRejection: invalid input syntax for type uuid: \"undefined\"","level":"\u001b[31m\u001b[31merror\u001b[31m\u001b[39m"}
{"message":"   unhandledRejection: Cannot set headers after they are sent to the client","level":"\u001b[31m\u001b[31merror\u001b[31m\u001b[39m"}
{"message":"   unhandledRejection: invalid input syntax for type uuid: \"undefined\"","level":"\u001b[31m\u001b[31merror\u001b[31m\u001b[39m"}
{"message":"   unhandledRejection: invalid input syntax for type uuid: \"undefined\"","level":"\u001b[31m\u001b[31merror\u001b[31m\u001b[39m"}
{"message":"   unhandledRejection: invalid input syntax for type uuid: \"undefined\"","level":"\u001b[31m\u001b[31merror\u001b[31m\u001b[39m"}
{"message":"   unhandledRejection: invalid input syntax for type uuid: \"undefined\"","level":"\u001b[31m\u001b[31merror\u001b[31m\u001b[39m"}
{"message":"   unhandledRejection: invalid input syntax for type uuid: \"undefined\"","level":"\u001b[31m\u001b[31merror\u001b[31m\u001b[39m"}
{"message":"   unhandledRejection: invalid input syntax for type uuid: \"undefined\"","level":"\u001b[31m\u001b[31merror\u001b[31m\u001b[39m"}
{"message":"   unhandledRejection: invalid input syntax for type uuid: \"undefined\"","level":"\u001b[31m\u001b[31merror\u001b[31m\u001b[39m"}
{"message":"   unhandledRejection: Cannot read property 'hash' of undefined","level":"\u001b[31m\u001b[31merror\u001b[31m\u001b[39m"}
{"message":"   unhandledRejection: Cannot read property 'hash' of undefined","level":"\u001b[31m\u001b[31merror\u001b[31m\u001b[39m"}
{"length":104,"name":"error","severity":"FATAL","code":"57P03","file":"postmaster.c","line":"2317","routine":"ProcessStartupPacket","level":"\u001b[31m\u001b[31merror\u001b[31m\u001b[39m"}
{"message":"   unhandledRejection: Cannot read property 'hashPassword' of undefined","level":"\u001b[31m\u001b[31merror\u001b[31m\u001b[39m"}
{"message":"   unhandledRejection: Cannot read property 'hashPassword' of undefined","level":"\u001b[31m\u001b[31merror\u001b[31m\u001b[39m"}
{"message":"   unhandledRejection: Cannot read property 'hashPassword' of undefined","level":"\u001b[31m\u001b[31merror\u001b[31m\u001b[39m"}
{"message":"   unhandledRejection: data and salt arguments required","level":"\u001b[31m\u001b[31merror\u001b[31m\u001b[39m"}
{"message":"   unhandledRejection: data and salt arguments required","level":"\u001b[31m\u001b[31merror\u001b[31m\u001b[39m"}
