{"message":"   DB connection error:ConnectionNotFoundError: Connection \"default\" was not found.","level":"\u001b[31m\u001b[31merror\u001b[31m\u001b[39m"}
{"message":"   DB connection error:DriverPackageNotInstalledError: Postgres package has not been found installed. Try to install it: npm install pg --save","level":"\u001b[31m\u001b[31merror\u001b[31m\u001b[39m"}
{"message":"   uncaughtException: listen EADDRINUSE: address already in use :::4000","level":"\u001b[31m\u001b[31merror\u001b[31m\u001b[39m"}
{"message":"   DB connection error:ConnectionNotFoundError: Connection \"default\" was not found.","level":"\u001b[31m\u001b[31merror\u001b[31m\u001b[39m"}
{"message":"   DB connection error:Error: getaddrinfo ENOTFOUND postgres","level":"\u001b[31m\u001b[31merror\u001b[31m\u001b[39m"}
{"message":"   uncaughtException: listen EADDRINUSE: address already in use :::4000","level":"\u001b[31m\u001b[31merror\u001b[31m\u001b[39m"}
{"message":"   uncaughtException: listen EADDRINUSE: address already in use :::4000","level":"\u001b[31m\u001b[31merror\u001b[31m\u001b[39m"}
{"message":"   uncaughtException: ⨯ Unable to compile TypeScript:\n\u001b[96msrc/common/ormconfig.ts\u001b[0m:\u001b[93m11\u001b[0m:\u001b[93m35\u001b[0m - \u001b[91merror\u001b[0m\u001b[90m TS2345: \u001b[0mArgument of type 'string | undefined' is not assignable to parameter of type 'string | number | boolean'.\r\n  Type 'undefined' is not assignable to type 'string | number | boolean'.\r\n\r\n\u001b[7m11\u001b[0m   password: `${encodeURIComponent(config.PASSWORD)}@`;,\r\n\u001b[7m  \u001b[0m \u001b[91m                                  ~~~~~~~~~~~~~~~\u001b[0m\r\n\u001b[96msrc/common/ormconfig.ts\u001b[0m:\u001b[93m11\u001b[0m:\u001b[93m54\u001b[0m - \u001b[91merror\u001b[0m\u001b[90m TS1005: \u001b[0m',' expected.\r\n\r\n\u001b[7m11\u001b[0m   password: `${encodeURIComponent(config.PASSWORD)}@`;,\r\n\u001b[7m  \u001b[0m \u001b[91m                                                     ~\u001b[0m\r\n\u001b[96msrc/common/ormconfig.ts\u001b[0m:\u001b[93m11\u001b[0m:\u001b[93m55\u001b[0m - \u001b[91merror\u001b[0m\u001b[90m TS1136: \u001b[0mProperty assignment expected.\r\n\r\n\u001b[7m11\u001b[0m   password: `${encodeURIComponent(config.PASSWORD)}@`;,\r\n\u001b[7m  \u001b[0m \u001b[91m                                                      ~\u001b[0m\r\n","level":"\u001b[31m\u001b[31merror\u001b[31m\u001b[39m"}
{"message":"   uncaughtException: ⨯ Unable to compile TypeScript:\n\u001b[96msrc/common/ormconfig.ts\u001b[0m:\u001b[93m11\u001b[0m:\u001b[93m35\u001b[0m - \u001b[91merror\u001b[0m\u001b[90m TS2345: \u001b[0mArgument of type 'string | undefined' is not assignable to parameter of type 'string | number | boolean'.\r\n  Type 'undefined' is not assignable to type 'string | number | boolean'.\r\n\r\n\u001b[7m11\u001b[0m   password: `${encodeURIComponent(config.PASSWORD)}@`,\r\n\u001b[7m  \u001b[0m \u001b[91m                                  ~~~~~~~~~~~~~~~\u001b[0m\r\n","level":"\u001b[31m\u001b[31merror\u001b[31m\u001b[39m"}
{"message":"   uncaughtException: ⨯ Unable to compile TypeScript:\n\u001b[96msrc/common/ormconfig.ts\u001b[0m:\u001b[93m11\u001b[0m:\u001b[93m35\u001b[0m - \u001b[91merror\u001b[0m\u001b[90m TS2345: \u001b[0mArgument of type 'string | undefined' is not assignable to parameter of type 'string | number | boolean'.\r\n  Type 'undefined' is not assignable to type 'string | number | boolean'.\r\n\r\n\u001b[7m11\u001b[0m   password: `${encodeURIComponent(config.PASSWORD)}@`,\r\n\u001b[7m  \u001b[0m \u001b[91m                                  ~~~~~~~~~~~~~~~\u001b[0m\r\n","level":"\u001b[31m\u001b[31merror\u001b[31m\u001b[39m"}
{"message":"   uncaughtException: ⨯ Unable to compile TypeScript:\n\u001b[96msrc/common/ormconfig.ts\u001b[0m:\u001b[93m11\u001b[0m:\u001b[93m35\u001b[0m - \u001b[91merror\u001b[0m\u001b[90m TS2345: \u001b[0mArgument of type 'string | undefined' is not assignable to parameter of type 'string | number | boolean'.\r\n  Type 'undefined' is not assignable to type 'string | number | boolean'.\r\n\r\n\u001b[7m11\u001b[0m   password: `${encodeURIComponent(config.PASSWORD)}@`,\r\n\u001b[7m  \u001b[0m \u001b[91m                                  ~~~~~~~~~~~~~~~\u001b[0m\r\n","level":"\u001b[31m\u001b[31merror\u001b[31m\u001b[39m"}
{"message":"   uncaughtException: listen EADDRINUSE: address already in use :::4000","level":"\u001b[31m\u001b[31merror\u001b[31m\u001b[39m"}
{"message":"   uncaughtException: ⨯ Unable to compile TypeScript:\n\u001b[96msrc/common/ormconfig.ts\u001b[0m:\u001b[93m4\u001b[0m:\u001b[93m26\u001b[0m - \u001b[91merror\u001b[0m\u001b[90m TS2352: \u001b[0mConversion of type '{ type: \"postgres\"; name: string; port: string | undefined; host: string | undefined; database: string | undefined; username: string | undefined; password: number; autoReconnect: boolean; reconnectTries: number; reconnectionInterval: number; }' to type 'ConnectionOptions' may be a mistake because neither type sufficiently overlaps with the other. If this was intentional, convert the expression to 'unknown' first.\r\n  Type '{ type: \"postgres\"; name: string; port: string | undefined; host: string | undefined; database: string | undefined; username: string | undefined; password: number; autoReconnect: boolean; reconnectTries: number; reconnectionInterval: number; }' is not comparable to type 'PostgresConnectionOptions'.\r\n    Types of property 'password' are incompatible.\r\n      Type 'number' is not comparable to type 'string | (() => string) | (() => Promise<string>) | undefined'.\r\n\r\n\u001b[7m  4\u001b[0m export const ormConfig = {\r\n\u001b[7m   \u001b[0m \u001b[91m                         ~\u001b[0m\r\n\u001b[7m  5\u001b[0m   type: 'postgres',\r\n\u001b[7m   \u001b[0m \u001b[91m~~~~~~~~~~~~~~~~~~~\u001b[0m\r\n\u001b[7m...\u001b[0m \r\n\u001b[7m 14\u001b[0m   reconnectionInterval: 1000,\r\n\u001b[7m   \u001b[0m \u001b[91m~~~~~~~~~~~~~~~~~~~~~~~~~~~~~\u001b[0m\r\n\u001b[7m 15\u001b[0m } as ConnectionOptions;\r\n\u001b[7m   \u001b[0m \u001b[91m~~~~~~~~~~~~~~~~~~~~~~\u001b[0m\r\n","level":"\u001b[31m\u001b[31merror\u001b[31m\u001b[39m"}
{"message":"   uncaughtException: listen EADDRINUSE: address already in use :::4000","level":"\u001b[31m\u001b[31merror\u001b[31m\u001b[39m"}
{"message":"   uncaughtException: ⨯ Unable to compile TypeScript:\n\u001b[96msrc/helpers/db.ts\u001b[0m:\u001b[93m5\u001b[0m:\u001b[93m7\u001b[0m - \u001b[91merror\u001b[0m\u001b[90m TS6133: \u001b[0m'connectToDB' is declared but its value is never read.\r\n\r\n\u001b[7m5\u001b[0m const connectToDB = async () => {\r\n\u001b[7m \u001b[0m \u001b[91m      ~~~~~~~~~~~\u001b[0m\r\n\u001b[96msrc/helpers/db.ts\u001b[0m:\u001b[93m30\u001b[0m:\u001b[93m11\u001b[0m - \u001b[91merror\u001b[0m\u001b[90m TS2552: \u001b[0mCannot find name 'getDBConnection'. Did you mean 'getConnection'?\r\n\r\n\u001b[7m30\u001b[0m     await getDBConnection();\r\n\u001b[7m  \u001b[0m \u001b[91m          ~~~~~~~~~~~~~~~\u001b[0m\r\n\r\n  \u001b[96msrc/helpers/db.ts\u001b[0m:\u001b[93m3\u001b[0m:\u001b[93m9\u001b[0m\r\n    \u001b[7m3\u001b[0m const { getConnection, createConnection } = require('typeorm');\r\n    \u001b[7m \u001b[0m \u001b[96m        ~~~~~~~~~~~~~\u001b[0m\r\n    'getConnection' is declared here.\r\n","level":"\u001b[31m\u001b[31merror\u001b[31m\u001b[39m"}
{"message":"   uncaughtException: ⨯ Unable to compile TypeScript:\n\u001b[96msrc/helpers/db.ts\u001b[0m:\u001b[93m2\u001b[0m:\u001b[93m1\u001b[0m - \u001b[91merror\u001b[0m\u001b[90m TS6192: \u001b[0mAll imports in import declaration are unused.\r\n\r\n\u001b[7m2\u001b[0m import { logError, logInfo} from '../utils/logger'\r\n\u001b[7m \u001b[0m \u001b[91m~~~~~~~~~~~~~~~~~~~~~~~~~~~~~~~~~~~~~~~~~~~~~~~~~~\u001b[0m\r\n\u001b[96msrc/helpers/db.ts\u001b[0m:\u001b[93m6\u001b[0m:\u001b[93m7\u001b[0m - \u001b[91merror\u001b[0m\u001b[90m TS6133: \u001b[0m'connectToDB' is declared but its value is never read.\r\n\r\n\u001b[7m6\u001b[0m const connectToDB = async () => {\r\n\u001b[7m \u001b[0m \u001b[91m      ~~~~~~~~~~~\u001b[0m\r\n\u001b[96msrc/helpers/db.ts\u001b[0m:\u001b[93m31\u001b[0m:\u001b[93m11\u001b[0m - \u001b[91merror\u001b[0m\u001b[90m TS2552: \u001b[0mCannot find name 'getDBConnection'. Did you mean 'getConnection'?\r\n\r\n\u001b[7m31\u001b[0m     await getDBConnection();\r\n\u001b[7m  \u001b[0m \u001b[91m          ~~~~~~~~~~~~~~~\u001b[0m\r\n\r\n  \u001b[96msrc/helpers/db.ts\u001b[0m:\u001b[93m4\u001b[0m:\u001b[93m9\u001b[0m\r\n    \u001b[7m4\u001b[0m const { getConnection, createConnection } = require('typeorm');\r\n    \u001b[7m \u001b[0m \u001b[96m        ~~~~~~~~~~~~~\u001b[0m\r\n    'getConnection' is declared here.\r\n","level":"\u001b[31m\u001b[31merror\u001b[31m\u001b[39m"}
{"message":"   uncaughtException: ⨯ Unable to compile TypeScript:\n\u001b[96msrc/helpers/db.ts\u001b[0m:\u001b[93m2\u001b[0m:\u001b[93m1\u001b[0m - \u001b[91merror\u001b[0m\u001b[90m TS6192: \u001b[0mAll imports in import declaration are unused.\r\n\r\n\u001b[7m2\u001b[0m import { logError, logInfo} from '../utils/logger'\r\n\u001b[7m \u001b[0m \u001b[91m~~~~~~~~~~~~~~~~~~~~~~~~~~~~~~~~~~~~~~~~~~~~~~~~~~\u001b[0m\r\n","level":"\u001b[31m\u001b[31merror\u001b[31m\u001b[39m"}
{"message":"   uncaughtException: ⨯ Unable to compile TypeScript:\n\u001b[96msrc/helpers/db.ts\u001b[0m:\u001b[93m2\u001b[0m:\u001b[93m20\u001b[0m - \u001b[91merror\u001b[0m\u001b[90m TS6133: \u001b[0m'logInfo' is declared but its value is never read.\r\n\r\n\u001b[7m2\u001b[0m import { logError, logInfo} from '../utils/logger'\r\n\u001b[7m \u001b[0m \u001b[91m                   ~~~~~~~\u001b[0m\r\n","level":"\u001b[31m\u001b[31merror\u001b[31m\u001b[39m"}
{"message":"   uncaughtException: ⨯ Unable to compile TypeScript:\n\u001b[96msrc/helpers/db.ts\u001b[0m:\u001b[93m2\u001b[0m:\u001b[93m20\u001b[0m - \u001b[91merror\u001b[0m\u001b[90m TS6133: \u001b[0m'logInfo' is declared but its value is never read.\r\n\r\n\u001b[7m2\u001b[0m import { logError, logInfo} from '../utils/logger'\r\n\u001b[7m \u001b[0m \u001b[91m                   ~~~~~~~\u001b[0m\r\n","level":"\u001b[31m\u001b[31merror\u001b[31m\u001b[39m"}
{"message":"   uncaughtException: ⨯ Unable to compile TypeScript:\n\u001b[96msrc/helpers/db.ts\u001b[0m:\u001b[93m2\u001b[0m:\u001b[93m20\u001b[0m - \u001b[91merror\u001b[0m\u001b[90m TS6133: \u001b[0m'logInfo' is declared but its value is never read.\r\n\r\n\u001b[7m2\u001b[0m import { logError, logInfo} from '../utils/logger'\r\n\u001b[7m \u001b[0m \u001b[91m                   ~~~~~~~\u001b[0m\r\n","level":"\u001b[31m\u001b[31merror\u001b[31m\u001b[39m"}
{"name":"ConnectionNotFoundError","message":"   Connection \"default\" was not found.","level":"\u001b[31m\u001b[31merror\u001b[31m\u001b[39m"}
{"errno":-3008,"code":"ENOTFOUND","syscall":"getaddrinfo","hostname":"postgres","level":"\u001b[31m\u001b[31merror\u001b[31m\u001b[39m"}
{"name":"ConnectionNotFoundError","message":"   Connection \"default\" was not found.","level":"\u001b[31m\u001b[31merror\u001b[31m\u001b[39m"}
{"errno":-3008,"code":"ENOTFOUND","syscall":"getaddrinfo","hostname":"postgres","level":"\u001b[31m\u001b[31merror\u001b[31m\u001b[39m"}
{"errno":-3008,"code":"ENOTFOUND","syscall":"getaddrinfo","hostname":"postgres","level":"\u001b[31m\u001b[31merror\u001b[31m\u001b[39m"}
{"errno":-3008,"code":"ENOTFOUND","syscall":"getaddrinfo","hostname":"postgres","level":"\u001b[31m\u001b[31merror\u001b[31m\u001b[39m"}
{"errno":-3008,"code":"ENOTFOUND","syscall":"getaddrinfo","hostname":"postgres","level":"\u001b[31m\u001b[31merror\u001b[31m\u001b[39m"}
{"errno":-3008,"code":"ENOTFOUND","syscall":"getaddrinfo","hostname":"postgres","level":"\u001b[31m\u001b[31merror\u001b[31m\u001b[39m"}
{"errno":-3008,"code":"ENOTFOUND","syscall":"getaddrinfo","hostname":"postgres","level":"\u001b[31m\u001b[31merror\u001b[31m\u001b[39m"}
{"errno":-3008,"code":"ENOTFOUND","syscall":"getaddrinfo","hostname":"postgres","level":"\u001b[31m\u001b[31merror\u001b[31m\u001b[39m"}
{"errno":-3008,"code":"ENOTFOUND","syscall":"getaddrinfo","hostname":"postgres","level":"\u001b[31m\u001b[31merror\u001b[31m\u001b[39m"}
{"errno":-3008,"code":"ENOTFOUND","syscall":"getaddrinfo","hostname":"postgres","level":"\u001b[31m\u001b[31merror\u001b[31m\u001b[39m"}
{"errno":-3008,"code":"ENOTFOUND","syscall":"getaddrinfo","hostname":"postgres","level":"\u001b[31m\u001b[31merror\u001b[31m\u001b[39m"}
{"errno":-3008,"code":"ENOTFOUND","syscall":"getaddrinfo","hostname":"postgres","level":"\u001b[31m\u001b[31merror\u001b[31m\u001b[39m"}
{"errno":-3008,"code":"ENOTFOUND","syscall":"getaddrinfo","hostname":"postgres","level":"\u001b[31m\u001b[31merror\u001b[31m\u001b[39m"}
{"errno":-3008,"code":"ENOTFOUND","syscall":"getaddrinfo","hostname":"postgres","level":"\u001b[31m\u001b[31merror\u001b[31m\u001b[39m"}
{"errno":-3008,"code":"ENOTFOUND","syscall":"getaddrinfo","hostname":"postgres","level":"\u001b[31m\u001b[31merror\u001b[31m\u001b[39m"}
{"errno":-3008,"code":"ENOTFOUND","syscall":"getaddrinfo","hostname":"postgres","level":"\u001b[31m\u001b[31merror\u001b[31m\u001b[39m"}
{"errno":-3008,"code":"ENOTFOUND","syscall":"getaddrinfo","hostname":"postgres","level":"\u001b[31m\u001b[31merror\u001b[31m\u001b[39m"}
{"level":"\u001b[31m\u001b[31merror\u001b[31m\u001b[39m"}
{"message":"   uncaughtException: listen EADDRINUSE: address already in use :::4000","level":"\u001b[31m\u001b[31merror\u001b[31m\u001b[39m"}
{"level":"\u001b[31m\u001b[31merror\u001b[31m\u001b[39m"}
{"message":"   uncaughtException: listen EADDRINUSE: address already in use :::4000","level":"\u001b[31m\u001b[31merror\u001b[31m\u001b[39m"}
{"errno":-4078,"code":"ECONNREFUSED","syscall":"connect","address":"127.0.0.1","port":4000,"level":"\u001b[31m\u001b[31merror\u001b[31m\u001b[39m"}
{"errno":-3008,"code":"ENOTFOUND","syscall":"getaddrinfo","hostname":"nodejs","level":"\u001b[31m\u001b[31merror\u001b[31m\u001b[39m"}
{"message":"   uncaughtException: listen EADDRINUSE: address already in use :::4000","level":"\u001b[31m\u001b[31merror\u001b[31m\u001b[39m"}
{"errno":-111,"code":"ECONNREFUSED","syscall":"connect","address":"172.25.0.2","port":4000,"level":"\u001b[31m\u001b[31merror\u001b[31m\u001b[39m"}
{"errno":-111,"code":"ECONNREFUSED","syscall":"connect","address":"172.28.0.2","port":4003,"level":"\u001b[31m\u001b[31merror\u001b[31m\u001b[39m"}
{"errno":-111,"code":"ECONNREFUSED","syscall":"connect","address":"172.29.0.2","port":4004,"level":"\u001b[31m\u001b[31merror\u001b[31m\u001b[39m"}
{"errno":-111,"code":"ECONNREFUSED","syscall":"connect","address":"172.31.0.2","port":4005,"level":"\u001b[31m\u001b[31merror\u001b[31m\u001b[39m"}
{"errno":-111,"code":"ECONNREFUSED","syscall":"connect","address":"192.168.16.2","port":4005,"level":"\u001b[31m\u001b[31merror\u001b[31m\u001b[39m"}
{"message":"   uncaughtException: ⨯ Unable to compile TypeScript:\nsrc/common/ormconfig.ts(2,11): error TS2305: Module '\"./config\"' has no exported member 'POSTGRES_PORT'.\nsrc/common/ormconfig.ts(2,26): error TS2305: Module '\"./config\"' has no exported member 'POSTGRES_USER'.\nsrc/common/ormconfig.ts(2,41): error TS2305: Module '\"./config\"' has no exported member 'POSTGRES_PASSWORD'.\nsrc/common/ormconfig.ts(2,60): error TS2305: Module '\"./config\"' has no exported member 'POSTGRES_DB'.\nsrc/common/ormconfig.ts(2,73): error TS2305: Module '\"./config\"' has no exported member 'POSTGRES_HOST'.\n","level":"\u001b[31m\u001b[31merror\u001b[31m\u001b[39m"}
{"message":"   uncaughtException: ⨯ Unable to compile TypeScript:\nsrc/common/ormconfig.ts(2,10): error TS2305: Module '\"./config\"' has no exported member 'config'.\n","level":"\u001b[31m\u001b[31merror\u001b[31m\u001b[39m"}
{"errno":-111,"code":"ECONNREFUSED","syscall":"connect","address":"192.168.144.2","port":4005,"level":"\u001b[31m\u001b[31merror\u001b[31m\u001b[39m"}
{"errno":-111,"code":"ECONNREFUSED","syscall":"connect","address":"192.168.144.2","port":4005,"level":"\u001b[31m\u001b[31merror\u001b[31m\u001b[39m"}
{"message":"   uncaughtException: ⨯ Unable to compile TypeScript:\nsrc/common/ormconfig.ts(2,1): error TS6133: 'config' is declared but its value is never read.\nsrc/common/ormconfig.ts(6,13): error TS2304: Cannot find name 'POSTGRES_DB'.\nsrc/common/ormconfig.ts(7,9): error TS2304: Cannot find name 'POSTGRES_HOST'.\nsrc/common/ormconfig.ts(8,9): error TS2304: Cannot find name 'POSTGRES_PORT'.\nsrc/common/ormconfig.ts(9,13): error TS2304: Cannot find name 'POSTGRES_USER'.\nsrc/common/ormconfig.ts(10,13): error TS2304: Cannot find name 'POSTGRES_PASSWORD'.\nsrc/common/ormconfig.ts(11,14): error TS2304: Cannot find name 'UserEntity'.\nsrc/common/ormconfig.ts(11,26): error TS2304: Cannot find name 'BoardEntity'.\nsrc/common/ormconfig.ts(11,39): error TS2304: Cannot find name 'TaskEntity'.\nsrc/common/ormconfig.ts(11,51): error TS2304: Cannot find name 'ColumnEntity'.\n","level":"\u001b[31m\u001b[31merror\u001b[31m\u001b[39m"}
{"errno":-111,"code":"ECONNREFUSED","syscall":"connect","address":"192.168.144.2","port":4005,"level":"\u001b[31m\u001b[31merror\u001b[31m\u001b[39m"}
{"errno":-111,"code":"ECONNREFUSED","syscall":"connect","address":"192.168.160.2","port":4005,"level":"\u001b[31m\u001b[31merror\u001b[31m\u001b[39m"}
{"errno":-111,"code":"ECONNREFUSED","syscall":"connect","address":"192.168.224.2","port":4005,"level":"\u001b[31m\u001b[31merror\u001b[31m\u001b[39m"}
{"errno":-111,"code":"ECONNREFUSED","syscall":"connect","address":"192.168.224.2","port":4005,"level":"\u001b[31m\u001b[31merror\u001b[31m\u001b[39m"}
{"errno":-111,"code":"ECONNREFUSED","syscall":"connect","address":"192.168.240.2","port":4005,"level":"\u001b[31m\u001b[31merror\u001b[31m\u001b[39m"}
{"errno":-111,"code":"ECONNREFUSED","syscall":"connect","address":"192.168.240.2","port":4005,"level":"\u001b[31m\u001b[31merror\u001b[31m\u001b[39m"}
{"errno":-111,"code":"ECONNREFUSED","syscall":"connect","address":"172.21.0.2","port":4005,"level":"\u001b[31m\u001b[31merror\u001b[31m\u001b[39m"}
{"errno":-111,"code":"ECONNREFUSED","syscall":"connect","address":"172.27.0.2","port":5435,"level":"\u001b[31m\u001b[31merror\u001b[31m\u001b[39m"}
{"message":"    Method: GET, URL: /favicon.ico, body: {}, query: {}, statusCode: 200","level":"\u001b[32m\u001b[32minfo\u001b[32m\u001b[39m"}
{"message":"    Method: GET, URL: /boards, body: {\"game\":{\"title\":\"First game ever\",\"owner_id\":\"Alex Sh\",\"studio\":\"Alex Sh Studio\",\"esrb_rating\":\"E\",\"user_rating\":\"5\",\"have_played\":false},\"user\":{\"id\":2,\"full_name\":\"Alex Shk\",\"username\":\"Alexs\",\"passwordHash\":\"$2a$10$kjLOVIhWSaGZNHVNmVj/Pe0GyWZPy4e1YB5B14m0u6lGUKJOrPtkm\",\"email\":\"alex@mail.ru\",\"updatedAt\":\"2021-05-22T13:45:26.323Z\",\"createdAt\":\"2021-05-22T13:45:26.323Z\"}}, query: {}, statusCode: 200","level":"\u001b[32m\u001b[32minfo\u001b[32m\u001b[39m"}
{"message":"   unhandledRejection: Connection \"default\" was not found.","level":"\u001b[31m\u001b[31merror\u001b[31m\u001b[39m"}
{"message":"    Method: GET, URL: /boards, body: {}, query: {}, statusCode: 200","level":"\u001b[32m\u001b[32minfo\u001b[32m\u001b[39m"}
{"message":"   unhandledRejection: Connection \"default\" was not found.","level":"\u001b[31m\u001b[31merror\u001b[31m\u001b[39m"}
{"message":"    Method: GET, URL: /boards, body: {\"game\":{\"title\":\"First game ever\",\"owner_id\":\"Alex Sh\",\"studio\":\"Alex Sh Studio\",\"esrb_rating\":\"E\",\"user_rating\":\"5\",\"have_played\":false},\"user\":{\"id\":2,\"full_name\":\"Alex Shk\",\"username\":\"Alexs\",\"passwordHash\":\"$2a$10$kjLOVIhWSaGZNHVNmVj/Pe0GyWZPy4e1YB5B14m0u6lGUKJOrPtkm\",\"email\":\"alex@mail.ru\",\"updatedAt\":\"2021-05-22T13:45:26.323Z\",\"createdAt\":\"2021-05-22T13:45:26.323Z\"}}, query: {}, statusCode: 200","level":"\u001b[32m\u001b[32minfo\u001b[32m\u001b[39m"}
{"message":"   unhandledRejection: Connection \"default\" was not found.","level":"\u001b[31m\u001b[31merror\u001b[31m\u001b[39m"}
{"message":"    Method: GET, URL: /boards, body: {\"game\":{\"title\":\"First game ever\",\"owner_id\":\"Alex Sh\",\"studio\":\"Alex Sh Studio\",\"esrb_rating\":\"E\",\"user_rating\":\"5\",\"have_played\":false},\"user\":{\"id\":2,\"full_name\":\"Alex Shk\",\"username\":\"Alexs\",\"passwordHash\":\"$2a$10$kjLOVIhWSaGZNHVNmVj/Pe0GyWZPy4e1YB5B14m0u6lGUKJOrPtkm\",\"email\":\"alex@mail.ru\",\"updatedAt\":\"2021-05-22T13:45:26.323Z\",\"createdAt\":\"2021-05-22T13:45:26.323Z\"}}, query: {}, statusCode: 200","level":"\u001b[32m\u001b[32minfo\u001b[32m\u001b[39m"}
{"message":"   Unexpected token t in JSON at position 7. Internal Server Error","level":"\u001b[31m\u001b[31merror\u001b[31m\u001b[39m"}
{"message":"    Method: POST, URL: /boards, body: {\"title\":\"First game ever\"}, query: {}, statusCode: 200","level":"\u001b[32m\u001b[32minfo\u001b[32m\u001b[39m"}
{"message":"    Method: GET, URL: /boards/a2eef45c-610e-496c-81a0-37d141d5ecf2, body: {\"title\":\"First game ever\"}, query: {}, statusCode: 200","level":"\u001b[32m\u001b[32minfo\u001b[32m\u001b[39m"}
{"message":"    Method: PUT, URL: /boards/a2eef45c-610e-496c-81a0-37d141d5ecf2, body: {\"id\":\"a2eef45c-610e-496c-81a0-37d141d5ecf2\",\"title\":\"First game ever2\"}, query: {}, statusCode: 200","level":"\u001b[32m\u001b[32minfo\u001b[32m\u001b[39m"}
{"message":"   Unexpected token } in JSON at position 54. Internal Server Error","level":"\u001b[31m\u001b[31merror\u001b[31m\u001b[39m"}
{"message":"    Method: DELETE, URL: /boards/a2eef45c-610e-496c-81a0-37d141d5ecf2, body: {\"id\":\"a2eef45c-610e-496c-81a0-37d141d5ecf2\"}, query: {}, statusCode: 200","level":"\u001b[32m\u001b[32minfo\u001b[32m\u001b[39m"}
{"message":"    Method: GET, URL: /boards, body: {\"id\":\"a2eef45c-610e-496c-81a0-37d141d5ecf2\"}, query: {}, statusCode: 200","level":"\u001b[32m\u001b[32minfo\u001b[32m\u001b[39m"}
{"message":"    Method: POST, URL: /boards, body: {\"title\":\"loma2\"}, query: {}, statusCode: 200","level":"\u001b[32m\u001b[32minfo\u001b[32m\u001b[39m"}
{"message":"    Method: GET, URL: /boards, body: {\"title\":\"loma2\"}, query: {}, statusCode: 200","level":"\u001b[32m\u001b[32minfo\u001b[32m\u001b[39m"}
{"message":"    Method: POST, URL: /boards, body: {\"title\":\"First game ever\"}, query: {}, statusCode: 200","level":"\u001b[32m\u001b[32minfo\u001b[32m\u001b[39m"}
{"message":"    Method: POST, URL: /tasks, body: {\"title\":\"First game ever\"}, query: {}, statusCode: 200","level":"\u001b[32m\u001b[32minfo\u001b[32m\u001b[39m"}
{"message":"    Method: GET, URL: /tasks, body: {\"title\":\"First game ever\"}, query: {}, statusCode: 200","level":"\u001b[32m\u001b[32minfo\u001b[32m\u001b[39m"}
{"message":"    Method: GET, URL: /tasks, body: {\"title\":\"First game ever\"}, query: {}, statusCode: 200","level":"\u001b[32m\u001b[32minfo\u001b[32m\u001b[39m"}
{"message":"    Method: GET, URL: /boards, body: {\"title\":\"First game ever\"}, query: {}, statusCode: 200","level":"\u001b[32m\u001b[32minfo\u001b[32m\u001b[39m"}
{"message":"    Method: GET, URL: /8488118b-499c-46f3-8674-d22c08ab0248/boards, body: {\"title\":\"First game ever\"}, query: {}, statusCode: 200","level":"\u001b[32m\u001b[32minfo\u001b[32m\u001b[39m"}
{"message":"    Method: GET, URL: /8488118b-499c-46f3-8674-d22c08ab0248/tasks, body: {\"title\":\"First game ever\"}, query: {}, statusCode: 200","level":"\u001b[32m\u001b[32minfo\u001b[32m\u001b[39m"}
{"message":"    Method: GET, URL: /8488118b-499c-46f3-8674-d22c08ab0248/tasks, body: {\"title\":\"First game ever\"}, query: {}, statusCode: 200","level":"\u001b[32m\u001b[32minfo\u001b[32m\u001b[39m"}
{"message":"    Method: GET, URL: /8488118b-499c-46f3-8674-d22c08ab0248/tasks, body: {}, query: {}, statusCode: 200","level":"\u001b[32m\u001b[32minfo\u001b[32m\u001b[39m"}
{"message":"    Method: GET, URL: /8488118b-499c-46f3-8674-d22c08ab0248/tasks, body: {\"title\":\"First game ever\"}, query: {}, statusCode: 200","level":"\u001b[32m\u001b[32minfo\u001b[32m\u001b[39m"}
{"message":"    Method: GET, URL: /boards, body: {\"title\":\"First game ever\"}, query: {}, statusCode: 200","level":"\u001b[32m\u001b[32minfo\u001b[32m\u001b[39m"}
{"message":"    Method: GET, URL: /6b9fdfff-8c68-4020-ba08-a7b49bda5b8b, body: {\"title\":\"First game ever\"}, query: {}, statusCode: 200","level":"\u001b[32m\u001b[32minfo\u001b[32m\u001b[39m"}
{"message":"    Method: GET, URL: /6b9fdfff-8c68-4020-ba08-a7b49bda5b8b/tasks, body: {\"title\":\"First game ever\"}, query: {}, statusCode: 200","level":"\u001b[32m\u001b[32minfo\u001b[32m\u001b[39m"}
{"message":"    Method: POST, URL: /6b9fdfff-8c68-4020-ba08-a7b49bda5b8b/tasks, body: {\"title\":\"First game ever - column\"}, query: {}, statusCode: 200","level":"\u001b[32m\u001b[32minfo\u001b[32m\u001b[39m"}
{"message":"    Method: POST, URL: /boards/6b9fdfff-8c68-4020-ba08-a7b49bda5b8b/tasks, body: {\"title\":\"First game ever - column\"}, query: {}, statusCode: 200","level":"\u001b[32m\u001b[32minfo\u001b[32m\u001b[39m"}
{"message":"   unhandledRejection: No repository for \"TaskEntity\" was found. Looks like this entity is not registered in current \"default\" connection?","level":"\u001b[31m\u001b[31merror\u001b[31m\u001b[39m"}
{"message":"    Method: GET, URL: /boards/6b9fdfff-8c68-4020-ba08-a7b49bda5b8b/tasks, body: {\"title\":\"First game ever - column\"}, query: {}, statusCode: 200","level":"\u001b[32m\u001b[32minfo\u001b[32m\u001b[39m"}
{"message":"   unhandledRejection: No repository for \"TaskEntity\" was found. Looks like this entity is not registered in current \"default\" connection?","level":"\u001b[31m\u001b[31merror\u001b[31m\u001b[39m"}
{"errno":-111,"code":"ECONNREFUSED","syscall":"connect","address":"192.168.176.2","port":5436,"level":"\u001b[31m\u001b[31merror\u001b[31m\u001b[39m"}
{"errno":-111,"code":"ECONNREFUSED","syscall":"connect","address":"192.168.192.2","port":5436,"level":"\u001b[31m\u001b[31merror\u001b[31m\u001b[39m"}
{"errno":-111,"code":"ECONNREFUSED","syscall":"connect","address":"192.168.240.2","port":5436,"level":"\u001b[31m\u001b[31merror\u001b[31m\u001b[39m"}
{"errno":-111,"code":"ECONNREFUSED","syscall":"connect","address":"172.21.0.2","port":5437,"level":"\u001b[31m\u001b[31merror\u001b[31m\u001b[39m"}
{"message":"    Method: GET, URL: /boards, body: {\"title\":\"First game ever\"}, query: {}, statusCode: 200","level":"\u001b[32m\u001b[32minfo\u001b[32m\u001b[39m"}
{"message":"   unhandledRejection: No repository for \"BoardEntity\" was found. Looks like this entity is not registered in current \"default\" connection?","level":"\u001b[31m\u001b[31merror\u001b[31m\u001b[39m"}
{"errno":-111,"code":"ECONNREFUSED","syscall":"connect","address":"172.21.0.3","port":5437,"level":"\u001b[31m\u001b[31merror\u001b[31m\u001b[39m"}
{"errno":-111,"code":"ECONNREFUSED","syscall":"connect","address":"172.21.0.2","port":5437,"level":"\u001b[31m\u001b[31merror\u001b[31m\u001b[39m"}
{"errno":-111,"code":"ECONNREFUSED","syscall":"connect","address":"172.21.0.2","port":5436,"level":"\u001b[31m\u001b[31merror\u001b[31m\u001b[39m"}
{"errno":-111,"code":"ECONNREFUSED","syscall":"connect","address":"172.25.0.2","port":5436,"level":"\u001b[31m\u001b[31merror\u001b[31m\u001b[39m"}
{"message":"   Unexpected token } in JSON at position 50. Internal Server Error","level":"\u001b[31m\u001b[31merror\u001b[31m\u001b[39m"}
{"message":"    Method: POST, URL: /boards, body: {\"title\":\"First game ever\"}, query: {}, statusCode: 200","level":"\u001b[32m\u001b[32minfo\u001b[32m\u001b[39m"}
{"message":"   unhandledRejection: No repository for \"BoardEntity\" was found. Looks like this entity is not registered in current \"default\" connection?","level":"\u001b[31m\u001b[31merror\u001b[31m\u001b[39m"}
{"message":"    Method: POST, URL: /boards, body: {\"title\":\"First game ever23\"}, query: {}, statusCode: 200","level":"\u001b[32m\u001b[32minfo\u001b[32m\u001b[39m"}
{"message":"   unhandledRejection: No repository for \"BoardEntity\" was found. Looks like this entity is not registered in current \"default\" connection?","level":"\u001b[31m\u001b[31merror\u001b[31m\u001b[39m"}
{"message":"    Method: GET, URL: /boards, body: {\"title\":\"First game ever23\"}, query: {}, statusCode: 200","level":"\u001b[32m\u001b[32minfo\u001b[32m\u001b[39m"}
{"message":"   unhandledRejection: No repository for \"BoardEntity\" was found. Looks like this entity is not registered in current \"default\" connection?","level":"\u001b[31m\u001b[31merror\u001b[31m\u001b[39m"}
{"errno":-111,"code":"ECONNREFUSED","syscall":"connect","address":"172.25.0.2","port":5436,"level":"\u001b[31m\u001b[31merror\u001b[31m\u001b[39m"}
{"message":"    Method: GET, URL: /boards, body: {\"title\":\"First game ever23\"}, query: {}, statusCode: 200","level":"\u001b[32m\u001b[32minfo\u001b[32m\u001b[39m"}
{"message":"   unhandledRejection: No repository for \"BoardEntity\" was found. Looks like this entity is not registered in current \"default\" connection?","level":"\u001b[31m\u001b[31merror\u001b[31m\u001b[39m"}
{"message":"    Method: POST, URL: /boards, body: {\"title\":\"First game ever23\"}, query: {}, statusCode: 200","level":"\u001b[32m\u001b[32minfo\u001b[32m\u001b[39m"}
{"message":"   unhandledRejection: No repository for \"BoardEntity\" was found. Looks like this entity is not registered in current \"default\" connection?","level":"\u001b[31m\u001b[31merror\u001b[31m\u001b[39m"}
{"message":"    Method: GET, URL: /boards, body: {}, query: {}, statusCode: 200","level":"\u001b[32m\u001b[32minfo\u001b[32m\u001b[39m"}
{"message":"   unhandledRejection: No repository for \"BoardEntity\" was found. Looks like this entity is not registered in current \"default\" connection?","level":"\u001b[31m\u001b[31merror\u001b[31m\u001b[39m"}
{"errno":-111,"code":"ECONNREFUSED","syscall":"connect","address":"172.27.0.2","port":5436,"level":"\u001b[31m\u001b[31merror\u001b[31m\u001b[39m"}
{"errno":-111,"code":"ECONNREFUSED","syscall":"connect","address":"172.27.0.2","port":5436,"level":"\u001b[31m\u001b[31merror\u001b[31m\u001b[39m"}
{"errno":-111,"code":"ECONNREFUSED","syscall":"connect","address":"172.27.0.2","port":5436,"level":"\u001b[31m\u001b[31merror\u001b[31m\u001b[39m"}
{"errno":-111,"code":"ECONNREFUSED","syscall":"connect","address":"172.27.0.2","port":5436,"level":"\u001b[31m\u001b[31merror\u001b[31m\u001b[39m"}
{"errno":-111,"code":"ECONNREFUSED","syscall":"connect","address":"172.29.0.2","port":5436,"level":"\u001b[31m\u001b[31merror\u001b[31m\u001b[39m"}
{"errno":-111,"code":"ECONNREFUSED","syscall":"connect","address":"172.31.0.2","port":5436,"level":"\u001b[31m\u001b[31merror\u001b[31m\u001b[39m"}
{"errno":-111,"code":"ECONNREFUSED","syscall":"connect","address":"192.168.16.2","port":5430,"level":"\u001b[31m\u001b[31merror\u001b[31m\u001b[39m"}
{"message":"    Method: GET, URL: /boards, body: {\"title\":\"First game ever23\"}, query: {}, statusCode: 200","level":"\u001b[32m\u001b[32minfo\u001b[32m\u001b[39m"}
{"message":"    Method: GET, URL: /boards/tasks, body: {\"title\":\"First game ever23\"}, query: {}, statusCode: 200","level":"\u001b[32m\u001b[32minfo\u001b[32m\u001b[39m"}
{"message":"   unhandledRejection: invalid input syntax for type uuid: \"tasks\"","level":"\u001b[31m\u001b[31merror\u001b[31m\u001b[39m"}
{"message":"   uncaughtException: ⨯ Unable to compile TypeScript:\nsrc/entities/column.entity.ts(2,1): error TS6133: 'uuid' is declared but its value is never read.\nsrc/entities/column.entity.ts(7,3): error TS2564: Property 'id' has no initializer and is not definitely assigned in the constructor.\n","level":"\u001b[31m\u001b[31merror\u001b[31m\u001b[39m"}
{"message":"   uncaughtException: ⨯ Unable to compile TypeScript:\nsrc/entities/column.entity.ts(2,1): error TS6133: 'uuid' is declared but its value is never read.\nsrc/entities/column.entity.ts(7,3): error TS2564: Property 'id' has no initializer and is not definitely assigned in the constructor.\n","level":"\u001b[31m\u001b[31merror\u001b[31m\u001b[39m"}
{"message":"   uncaughtException: ⨯ Unable to compile TypeScript:\nsrc/entities/column.entity.ts(2,1): error TS6133: 'uuid' is declared but its value is never read.\n","level":"\u001b[31m\u001b[31merror\u001b[31m\u001b[39m"}
{"message":"    Method: GET, URL: /boards/tasks, body: {\"title\":\"First game ever23\"}, query: {}, statusCode: 200","level":"\u001b[32m\u001b[32minfo\u001b[32m\u001b[39m"}
{"message":"   unhandledRejection: invalid input syntax for type uuid: \"tasks\"","level":"\u001b[31m\u001b[31merror\u001b[31m\u001b[39m"}
{"message":"    Method: GET, URL: /boards/, body: {\"title\":\"First game ever23\"}, query: {}, statusCode: 200","level":"\u001b[32m\u001b[32minfo\u001b[32m\u001b[39m"}
{"message":"    Method: GET, URL: /boards/8488118b-499c-46f3-8674-d22c08ab0248/tasks, body: {\"title\":\"First game ever23\"}, query: {}, statusCode: 200","level":"\u001b[32m\u001b[32minfo\u001b[32m\u001b[39m"}
{"message":"    Method: POST, URL: /boards/8488118b-499c-46f3-8674-d22c08ab0248/tasks, body: {\"title\":\"First game ever23 taks\"}, query: {}, statusCode: 200","level":"\u001b[32m\u001b[32minfo\u001b[32m\u001b[39m"}
{"message":"   unhandledRejection: value too long for type character varying(25)","level":"\u001b[31m\u001b[31merror\u001b[31m\u001b[39m"}
{"message":"    Method: GET, URL: /boards/8488118b-499c-46f3-8674-d22c08ab0248/tasks, body: {\"title\":\"First game ever23 taks\"}, query: {}, statusCode: 200","level":"\u001b[32m\u001b[32minfo\u001b[32m\u001b[39m"}
{"message":"    Method: POST, URL: /boards/8488118b-499c-46f3-8674-d22c08ab0248, body: {\"title\":\"First game ever23 taks\"}, query: {}, statusCode: 200","level":"\u001b[32m\u001b[32minfo\u001b[32m\u001b[39m"}
{"message":"    Method: GET, URL: /boards/8488118b-499c-46f3-8674-d22c08ab0248/tasks, body: {\"title\":\"First game ever23 taks\"}, query: {}, statusCode: 200","level":"\u001b[32m\u001b[32minfo\u001b[32m\u001b[39m"}
{"message":"    Method: POST, URL: /boards/8488118b-499c-46f3-8674-d22c08ab0248/tasks, body: {\"title\":\"First game ever23 taks\",\"order\":2}, query: {}, statusCode: 200","level":"\u001b[32m\u001b[32minfo\u001b[32m\u001b[39m"}
{"message":"   unhandledRejection: value too long for type character varying(25)","level":"\u001b[31m\u001b[31merror\u001b[31m\u001b[39m"}
{"message":"    Method: GET, URL: /boards/8488118b-499c-46f3-8674-d22c08ab0248/tasks, body: {\"title\":\"First game ever23 taks\",\"order\":2}, query: {}, statusCode: 200","level":"\u001b[32m\u001b[32minfo\u001b[32m\u001b[39m"}
{"message":"    Method: PUT, URL: /boards/8488118b-499c-46f3-8674-d22c08ab0248/tasks, body: {\"title\":\"First game ever23 taks2323423423423432\",\"order\":2}, query: {}, statusCode: 200","level":"\u001b[32m\u001b[32minfo\u001b[32m\u001b[39m"}
{"message":"    Method: GET, URL: /boards/8488118b-499c-46f3-8674-d22c08ab0248/tasks, body: {\"title\":\"First game ever23 taks2323423423423432\",\"order\":2}, query: {}, statusCode: 200","level":"\u001b[32m\u001b[32minfo\u001b[32m\u001b[39m"}
{"message":"    Method: POST, URL: /boards/8488118b-499c-46f3-8674-d22c08ab0248/tasks, body: {\"title\":\"First game ever23 taks2323423423423432\",\"order\":2}, query: {}, statusCode: 200","level":"\u001b[32m\u001b[32minfo\u001b[32m\u001b[39m"}
{"message":"   unhandledRejection: value too long for type character varying(25)","level":"\u001b[31m\u001b[31merror\u001b[31m\u001b[39m"}
{"message":"    Method: PUT, URL: /boards/8488118b-499c-46f3-8674-d22c08ab0248/49d6f771-0d1a-472a-8b26-f963ee0474bc, body: {\"title\":\"First game ever23 taks2323423423423432\",\"order\":2}, query: {}, statusCode: 200","level":"\u001b[32m\u001b[32minfo\u001b[32m\u001b[39m"}
{"message":"   column \"title\" of relation \"board\" contains null values","length":140,"name":"QueryFailedError","severity":"ERROR","code":"23502","schema":"public","table":"board","column":"title","file":"tablecmds.c","line":"5447","routine":"ATRewriteTable","query":"ALTER TABLE \"board\" ADD \"title\" character varying(50) NOT NULL","parameters":[],"level":"\u001b[31m\u001b[31merror\u001b[31m\u001b[39m"}
{"message":"   column \"title\" of relation \"board\" contains null values","length":140,"name":"QueryFailedError","severity":"ERROR","code":"23502","schema":"public","table":"board","column":"title","file":"tablecmds.c","line":"5447","routine":"ATRewriteTable","query":"ALTER TABLE \"board\" ADD \"title\" character varying(50) NOT NULL","parameters":[],"level":"\u001b[31m\u001b[31merror\u001b[31m\u001b[39m"}
{"message":"   column \"title\" of relation \"board\" contains null values","length":140,"name":"QueryFailedError","severity":"ERROR","code":"23502","schema":"public","table":"board","column":"title","file":"tablecmds.c","line":"5447","routine":"ATRewriteTable","query":"ALTER TABLE \"board\" ADD \"title\" character varying(50) NOT NULL","parameters":[],"level":"\u001b[31m\u001b[31merror\u001b[31m\u001b[39m"}
{"message":"    Method: GET, URL: /boards/8488118b-499c-46f3-8674-d22c08ab0248/49d6f771-0d1a-472a-8b26-f963ee0474bc, body: {\"title\":\"First game ever23 taks2323423423423432\",\"order\":2}, query: {}, statusCode: 200","level":"\u001b[32m\u001b[32minfo\u001b[32m\u001b[39m"}
{"message":"    Method: GET, URL: /boards/8488118b-499c-46f3-8674-d22c08ab0248/tasks, body: {\"title\":\"First game ever23 taks2323423423423432\",\"order\":2}, query: {}, statusCode: 200","level":"\u001b[32m\u001b[32minfo\u001b[32m\u001b[39m"}
{"message":"   unhandledRejection: Cannot read property 'connect' of undefined","level":"\u001b[31m\u001b[31merror\u001b[31m\u001b[39m"}
{"message":"   column \"title\" of relation \"board\" contains null values","length":140,"name":"QueryFailedError","severity":"ERROR","code":"23502","schema":"public","table":"board","column":"title","file":"tablecmds.c","line":"5447","routine":"ATRewriteTable","query":"ALTER TABLE \"board\" ADD \"title\" character varying(50) NOT NULL","parameters":[],"level":"\u001b[31m\u001b[31merror\u001b[31m\u001b[39m"}
{"message":"    Method: GET, URL: /boards/8488118b-499c-46f3-8674-d22c08ab0248/tasks, body: {\"title\":\"First game ever23 taks2323423423423432\",\"order\":2}, query: {}, statusCode: 200","level":"\u001b[32m\u001b[32minfo\u001b[32m\u001b[39m"}
{"message":"   unhandledRejection: Cannot read property 'connect' of undefined","level":"\u001b[31m\u001b[31merror\u001b[31m\u001b[39m"}
{"message":"   column \"title\" of relation \"board\" contains null values","length":140,"name":"QueryFailedError","severity":"ERROR","code":"23502","schema":"public","table":"board","column":"title","file":"tablecmds.c","line":"5447","routine":"ATRewriteTable","query":"ALTER TABLE \"board\" ADD \"title\" character varying(50) NOT NULL","parameters":[],"level":"\u001b[31m\u001b[31merror\u001b[31m\u001b[39m"}
{"message":"    Method: GET, URL: /boards, body: {\"title\":\"First game ever23 taks2323423423423432\",\"order\":2}, query: {}, statusCode: 200","level":"\u001b[32m\u001b[32minfo\u001b[32m\u001b[39m"}
{"message":"    Method: POST, URL: /boards/6b9fdfff-8c68-4020-ba08-a7b49bda5b8b/tasks, body: {\"title\":\"Firstr23 taks22\",\"order\":2}, query: {}, statusCode: 200","level":"\u001b[32m\u001b[32minfo\u001b[32m\u001b[39m"}
{"message":"   unhandledRejection: value too long for type character varying(25)","level":"\u001b[31m\u001b[31merror\u001b[31m\u001b[39m"}
{"message":"    Method: GET, URL: /boards/6b9fdfff-8c68-4020-ba08-a7b49bda5b8b/tasks, body: {\"title\":\"Firstr23 taks22\",\"order\":2}, query: {}, statusCode: 200","level":"\u001b[32m\u001b[32minfo\u001b[32m\u001b[39m"}
{"message":"    Method: POST, URL: /boards/6b9fdfff-8c68-4020-ba08-a7b49bda5b8b/tasks, body: {\"title\":\"Firks22\",\"order\":2}, query: {}, statusCode: 200","level":"\u001b[32m\u001b[32minfo\u001b[32m\u001b[39m"}
{"message":"   unhandledRejection: value too long for type character varying(25)","level":"\u001b[31m\u001b[31merror\u001b[31m\u001b[39m"}
{"message":"    Method: GET, URL: /boards/6b9fdfff-8c68-4020-ba08-a7b49bda5b8b/tasks, body: {\"title\":\"Firks22\",\"order\":2}, query: {}, statusCode: 200","level":"\u001b[32m\u001b[32minfo\u001b[32m\u001b[39m"}
{"message":"    Method: GET, URL: /users, body: {\"title\":\"Firks22\",\"order\":2}, query: {}, statusCode: 200","level":"\u001b[32m\u001b[32minfo\u001b[32m\u001b[39m"}
{"message":"   unhandledRejection: No repository for \"UserEntity\" was found. Looks like this entity is not registered in current \"default\" connection?","level":"\u001b[31m\u001b[31merror\u001b[31m\u001b[39m"}
{"message":"    Method: GET, URL: /users, body: {\"title\":\"Firks22\",\"order\":2}, query: {}, statusCode: 200","level":"\u001b[32m\u001b[32minfo\u001b[32m\u001b[39m"}
{"message":"   unhandledRejection: No repository for \"UserEntity\" was found. Looks like this entity is not registered in current \"default\" connection?","level":"\u001b[31m\u001b[31merror\u001b[31m\u001b[39m"}
{"message":"    Method: GET, URL: /boards, body: {\"title\":\"Firks22\",\"order\":2}, query: {}, statusCode: 200","level":"\u001b[32m\u001b[32minfo\u001b[32m\u001b[39m"}
{"message":"    Method: GET, URL: /users, body: {\"title\":\"Firks22\",\"order\":2}, query: {}, statusCode: 200","level":"\u001b[32m\u001b[32minfo\u001b[32m\u001b[39m"}
{"message":"   unhandledRejection: No repository for \"UserEntity\" was found. Looks like this entity is not registered in current \"default\" connection?","level":"\u001b[31m\u001b[31merror\u001b[31m\u001b[39m"}
{"message":"    Method: POST, URL: /users, body: {\"name\":\"alex\"}, query: {}, statusCode: 200","level":"\u001b[32m\u001b[32minfo\u001b[32m\u001b[39m"}
{"message":"   unhandledRejection: No repository for \"UserEntity\" was found. Looks like this entity is not registered in current \"default\" connection?","level":"\u001b[31m\u001b[31merror\u001b[31m\u001b[39m"}
{"message":"    Method: GET, URL: /users, body: {\"name\":\"alex\"}, query: {}, statusCode: 200","level":"\u001b[32m\u001b[32minfo\u001b[32m\u001b[39m"}
{"message":"   unhandledRejection: No repository for \"UserEntity\" was found. Looks like this entity is not registered in current \"default\" connection?","level":"\u001b[31m\u001b[31merror\u001b[31m\u001b[39m"}
{"message":"    Method: PUT, URL: /users/25425c0b-9456-422f-ab8e-f796a1cd7d4d, body: {\"name\":\"alex2\"}, query: {}, statusCode: 200","level":"\u001b[32m\u001b[32minfo\u001b[32m\u001b[39m"}
{"message":"   unhandledRejection: No repository for \"UserEntity\" was found. Looks like this entity is not registered in current \"default\" connection?","level":"\u001b[31m\u001b[31merror\u001b[31m\u001b[39m"}
{"message":"   uncaughtException: ⨯ Unable to compile TypeScript:\nsrc/common/ormconfig.ts(6,1): error TS6133: 'UserEntity' is declared but its value is never read.\nsrc/common/ormconfig.ts(6,28): error TS2307: Cannot find module '../entities/tuser.entity' or its corresponding type declarations.\n","level":"\u001b[31m\u001b[31merror\u001b[31m\u001b[39m"}
{"message":"    Method: GET, URL: /users/, body: {\"name\":\"alex2\"}, query: {}, statusCode: 200","level":"\u001b[32m\u001b[32minfo\u001b[32m\u001b[39m"}
{"message":"    Method: POST, URL: /users/, body: {\"name\":\"alex2\"}, query: {}, statusCode: 200","level":"\u001b[32m\u001b[32minfo\u001b[32m\u001b[39m"}
{"message":"    Method: GET, URL: /users/, body: {\"name\":\"alex2\"}, query: {}, statusCode: 200","level":"\u001b[32m\u001b[32minfo\u001b[32m\u001b[39m"}
